This file contains any messages produced by compilers while
running configure, to aid debugging if configure makes a mistake.

It was created by cryptominisat configure 2.5.1, which was
generated by GNU Autoconf 2.65.  Invocation command line was

  $ ./configure 

## --------- ##
## Platform. ##
## --------- ##

hostname = tquarits.ist.intra
uname -m = x86_64
uname -r = 10.8.0
uname -s = Darwin
uname -v = Darwin Kernel Version 10.8.0: Tue Jun  7 16:32:41 PDT 2011; root:xnu-1504.15.3~1/RELEASE_X86_64

/usr/bin/uname -p = i386
/bin/uname -X     = unknown

/bin/arch              = unknown
/usr/bin/arch -k       = unknown
/usr/convex/getsysinfo = unknown
/usr/bin/hostinfo      = Mach kernel version:
	 Darwin Kernel Version 10.8.0: Tue Jun  7 16:32:41 PDT 2011; root:xnu-1504.15.3~1/RELEASE_X86_64
Kernel configured for up to 4 processors.
2 processors are physically available.
4 processors are logically available.
Processor type: i486 (Intel 80486)
Processors active: 0 1 2 3
Primary memory available: 4.00 gigabytes
Default processor set: 139 tasks, 756 threads, 4 processors
Load average: 0.43, Mach factor: 3.56
/bin/machine           = unknown
/usr/bin/oslevel       = unknown
/bin/universe          = unknown

PATH: /opt/local/Library/Frameworks/Python.framework/Versions/2.7/bin
PATH: /opt/local/bin
PATH: /opt/local/sbin
PATH: /usr/bin
PATH: /bin
PATH: /usr/sbin
PATH: /sbin
PATH: /usr/local/bin
PATH: /usr/texbin
PATH: /usr/X11/bin


## ----------- ##
## Core tests. ##
## ----------- ##

configure:2658: WARNING: Libtool does not cope well with whitespace in `pwd`
configure:2708: checking build system type
configure:2722: result: i386-apple-darwin10.8.0
configure:2742: checking host system type
configure:2755: result: i386-apple-darwin10.8.0
configure:2823: checking for gcc
configure:2839: found /usr/bin/gcc
configure:2850: result: gcc
configure:3079: checking for C compiler version
configure:3088: gcc --version >&5
i686-apple-darwin10-gcc-4.2.1 (GCC) 4.2.1 (Apple Inc. build 5666) (dot 3)
Copyright (C) 2007 Free Software Foundation, Inc.
This is free software; see the source for copying conditions.  There is NO
warranty; not even for MERCHANTABILITY or FITNESS FOR A PARTICULAR PURPOSE.

configure:3099: $? = 0
configure:3088: gcc -v >&5
Using built-in specs.
Target: i686-apple-darwin10
Configured with: /var/tmp/gcc/gcc-5666.3~6/src/configure --disable-checking --enable-werror --prefix=/usr --mandir=/share/man --enable-languages=c,objc,c++,obj-c++ --program-transform-name=/^[cg][^.-]*$/s/$/-4.2/ --with-slibdir=/usr/lib --build=i686-apple-darwin10 --program-prefix=i686-apple-darwin10- --host=x86_64-apple-darwin10 --target=i686-apple-darwin10 --with-gxx-include-dir=/include/c++/4.2.1
Thread model: posix
gcc version 4.2.1 (Apple Inc. build 5666) (dot 3)
configure:3099: $? = 0
configure:3088: gcc -V >&5
gcc-4.2: argument to `-V' is missing
configure:3099: $? = 1
configure:3088: gcc -qversion >&5
i686-apple-darwin10-gcc-4.2.1: no input files
configure:3099: $? = 1
configure:3119: checking whether the C compiler works
configure:3141: gcc    conftest.c  >&5
configure:3145: $? = 0
configure:3194: result: yes
configure:3197: checking for C compiler default output file name
configure:3199: result: a.out
configure:3205: checking for suffix of executables
configure:3212: gcc -o conftest    conftest.c  >&5
configure:3216: $? = 0
configure:3238: result: 
configure:3260: checking whether we are cross compiling
configure:3268: gcc -o conftest    conftest.c  >&5
configure:3272: $? = 0
configure:3279: ./conftest
configure:3283: $? = 0
configure:3298: result: no
configure:3303: checking for suffix of object files
configure:3325: gcc -c   conftest.c >&5
configure:3329: $? = 0
configure:3350: result: o
configure:3354: checking whether we are using the GNU C compiler
configure:3373: gcc -c   conftest.c >&5
configure:3373: $? = 0
configure:3382: result: yes
configure:3391: checking whether gcc accepts -g
configure:3411: gcc -c -g  conftest.c >&5
configure:3411: $? = 0
configure:3452: result: yes
configure:3469: checking for gcc option to accept ISO C89
configure:3533: gcc  -c -g -O2  conftest.c >&5
configure:3533: $? = 0
configure:3546: result: none needed
configure:3566: checking for a sed that does not truncate output
configure:3630: result: /opt/local/bin/gsed
configure:3648: checking for grep that handles long lines and -e
configure:3706: result: /usr/bin/grep
configure:3711: checking for egrep
configure:3773: result: /usr/bin/grep -E
configure:3778: checking for fgrep
configure:3840: result: /usr/bin/grep -F
configure:3875: checking for ld used by gcc
configure:3942: result: /usr/libexec/gcc/i686-apple-darwin10/4.2.1/ld
configure:3949: checking if the linker (/usr/libexec/gcc/i686-apple-darwin10/4.2.1/ld) is GNU ld
configure:3964: result: no
configure:3976: checking for BSD- or MS-compatible name lister (nm)
configure:4025: result: /usr/bin/nm
configure:4143: checking the name lister (/usr/bin/nm) interface
configure:4150: gcc -c -g -O2  conftest.c >&5
configure:4153: /usr/bin/nm "conftest.o"
configure:4156: output
00000000000001c8 D _some_variable
configure:4163: result: BSD nm
configure:4166: checking whether ln -s works
configure:4170: result: yes
configure:4178: checking the maximum length of command line arguments
configure:4298: result: 196608
configure:4315: checking whether the shell understands some XSI constructs
configure:4325: result: yes
configure:4329: checking whether the shell understands "+="
configure:4335: result: yes
configure:4370: checking for /usr/libexec/gcc/i686-apple-darwin10/4.2.1/ld option to reload object files
configure:4377: result: -r
configure:4446: checking for objdump
configure:4476: result: no
configure:4505: checking how to recognize dependent libraries
configure:4701: result: pass_all
configure:4761: checking for ar
configure:4777: found /usr/bin/ar
configure:4788: result: ar
configure:4866: checking for strip
configure:4882: found /usr/bin/strip
configure:4893: result: strip
configure:4965: checking for ranlib
configure:4981: found /usr/bin/ranlib
configure:4992: result: ranlib
configure:5082: checking command to parse /usr/bin/nm output from gcc object
configure:5200: gcc -c -g -O2  conftest.c >&5
configure:5203: $? = 0
configure:5207: /usr/bin/nm conftest.o \| sed -n -e 's/^.*[	 ]\([BCDEGRST][BCDEGRST]*\)[	 ][	 ]*\([_A-Za-z][_A-Za-z0-9]*\)$/\1 \2 \2/p' \> conftest.nm
configure:5210: $? = 0
cannot find nm_test_var in conftest.nm
configure:5200: gcc -c -g -O2  conftest.c >&5
configure:5203: $? = 0
configure:5207: /usr/bin/nm conftest.o \| sed -n -e 's/^.*[	 ]\([BCDEGRST][BCDEGRST]*\)[	 ][	 ]*_\([_A-Za-z][_A-Za-z0-9]*\)$/\1 _\2 \2/p' \> conftest.nm
configure:5210: $? = 0
configure:5264: gcc -o conftest -g -O2   conftest.c conftstm.o >&5
configure:5267: $? = 0
configure:5305: result: ok
configure:5570: checking for dsymutil
configure:5586: found /usr/bin/dsymutil
configure:5597: result: dsymutil
configure:5662: checking for nmedit
configure:5678: found /usr/bin/nmedit
configure:5689: result: nmedit
configure:5754: checking for lipo
configure:5770: found /usr/bin/lipo
configure:5781: result: lipo
configure:5846: checking for otool
configure:5862: found /usr/bin/otool
configure:5873: result: otool
configure:5938: checking for otool64
configure:5968: result: no
configure:6013: checking for -single_module linker flag
gcc -g -O2  -o libconftest.dylib -dynamiclib -Wl,-single_module conftest.c
configure:6040: result: yes
configure:6042: checking for -exported_symbols_list linker flag
configure:6062: gcc -o conftest -g -O2   -Wl,-exported_symbols_list,conftest.sym conftest.c  >&5
configure:6062: $? = 0
configure:6072: result: yes
configure:6114: checking how to run the C preprocessor
configure:6145: gcc -E  conftest.c
configure:6145: $? = 0
configure:6159: gcc -E  conftest.c
conftest.c:9:28: error: ac_nonexistent.h: No such file or directory
configure:6159: $? = 1
configure: failed program was:
| /* confdefs.h */
| #define PACKAGE_NAME "cryptominisat"
| #define PACKAGE_TARNAME "cryptominisat"
| #define PACKAGE_VERSION "2.5.1"
| #define PACKAGE_STRING "cryptominisat 2.5.1"
| #define PACKAGE_BUGREPORT ""
| #define PACKAGE_URL ""
| /* end confdefs.h.  */
| #include <ac_nonexistent.h>
configure:6184: result: gcc -E
configure:6204: gcc -E  conftest.c
configure:6204: $? = 0
configure:6218: gcc -E  conftest.c
conftest.c:9:28: error: ac_nonexistent.h: No such file or directory
configure:6218: $? = 1
configure: failed program was:
| /* confdefs.h */
| #define PACKAGE_NAME "cryptominisat"
| #define PACKAGE_TARNAME "cryptominisat"
| #define PACKAGE_VERSION "2.5.1"
| #define PACKAGE_STRING "cryptominisat 2.5.1"
| #define PACKAGE_BUGREPORT ""
| #define PACKAGE_URL ""
| /* end confdefs.h.  */
| #include <ac_nonexistent.h>
configure:6247: checking for ANSI C header files
configure:6267: gcc -c -g -O2  conftest.c >&5
configure:6267: $? = 0
configure:6340: gcc -o conftest -g -O2   conftest.c  >&5
configure:6340: $? = 0
configure:6340: ./conftest
configure:6340: $? = 0
configure:6351: result: yes
configure:6364: checking for sys/types.h
configure:6364: gcc -c -g -O2  conftest.c >&5
configure:6364: $? = 0
configure:6364: result: yes
configure:6364: checking for sys/stat.h
configure:6364: gcc -c -g -O2  conftest.c >&5
configure:6364: $? = 0
configure:6364: result: yes
configure:6364: checking for stdlib.h
configure:6364: gcc -c -g -O2  conftest.c >&5
configure:6364: $? = 0
configure:6364: result: yes
configure:6364: checking for string.h
configure:6364: gcc -c -g -O2  conftest.c >&5
configure:6364: $? = 0
configure:6364: result: yes
configure:6364: checking for memory.h
configure:6364: gcc -c -g -O2  conftest.c >&5
configure:6364: $? = 0
configure:6364: result: yes
configure:6364: checking for strings.h
configure:6364: gcc -c -g -O2  conftest.c >&5
configure:6364: $? = 0
configure:6364: result: yes
configure:6364: checking for inttypes.h
configure:6364: gcc -c -g -O2  conftest.c >&5
configure:6364: $? = 0
configure:6364: result: yes
configure:6364: checking for stdint.h
configure:6364: gcc -c -g -O2  conftest.c >&5
configure:6364: $? = 0
configure:6364: result: yes
configure:6364: checking for unistd.h
configure:6364: gcc -c -g -O2  conftest.c >&5
configure:6364: $? = 0
configure:6364: result: yes
configure:6379: checking for dlfcn.h
configure:6379: gcc -c -g -O2  conftest.c >&5
configure:6379: $? = 0
configure:6379: result: yes
configure:6563: checking for objdir
configure:6578: result: .libs
configure:6870: checking if gcc supports -fno-rtti -fno-exceptions
configure:6888: gcc -c -g -O2  -fno-rtti -fno-exceptions conftest.c >&5
cc1: warning: command line option "-fno-rtti" is valid for C++/ObjC++ but not for C
configure:6892: $? = 0
configure:6905: result: no
configure:6925: checking for gcc option to produce PIC
configure:7197: result: -fno-common -DPIC
configure:7209: checking if gcc PIC flag -fno-common -DPIC works
configure:7227: gcc -c -g -O2  -fno-common -DPIC -DPIC conftest.c >&5
configure:7231: $? = 0
configure:7244: result: yes
configure:7268: checking if gcc static flag -static works
configure:7296: result: no
configure:7311: checking if gcc supports -c -o file.o
configure:7332: gcc -c -g -O2  -o out/conftest2.o conftest.c >&5
configure:7336: $? = 0
configure:7358: result: yes
configure:7366: checking if gcc supports -c -o file.o
configure:7413: result: yes
configure:7446: checking whether the gcc linker (/usr/libexec/gcc/i686-apple-darwin10/4.2.1/ld) supports shared libraries
configure:8437: result: yes
configure:8676: checking dynamic linker characteristics
configure:9339: result: darwin10.8.0 dyld
configure:9441: checking how to hardcode library paths into programs
configure:9466: result: immediate
configure:9986: checking whether stripping libraries is possible
configure:10000: result: yes
configure:10026: checking if libtool supports shared libraries
configure:10028: result: yes
configure:10031: checking whether to build shared libraries
configure:10052: result: yes
configure:10055: checking whether to build static libraries
configure:10059: result: yes
configure:10159: checking for g++
configure:10175: found /usr/bin/g++
configure:10186: result: g++
configure:10213: checking for C++ compiler version
configure:10222: g++ --version >&5
i686-apple-darwin10-g++-4.2.1 (GCC) 4.2.1 (Apple Inc. build 5666) (dot 3)
Copyright (C) 2007 Free Software Foundation, Inc.
This is free software; see the source for copying conditions.  There is NO
warranty; not even for MERCHANTABILITY or FITNESS FOR A PARTICULAR PURPOSE.

configure:10233: $? = 0
configure:10222: g++ -v >&5
Using built-in specs.
Target: i686-apple-darwin10
Configured with: /var/tmp/gcc/gcc-5666.3~6/src/configure --disable-checking --enable-werror --prefix=/usr --mandir=/share/man --enable-languages=c,objc,c++,obj-c++ --program-transform-name=/^[cg][^.-]*$/s/$/-4.2/ --with-slibdir=/usr/lib --build=i686-apple-darwin10 --program-prefix=i686-apple-darwin10- --host=x86_64-apple-darwin10 --target=i686-apple-darwin10 --with-gxx-include-dir=/include/c++/4.2.1
Thread model: posix
gcc version 4.2.1 (Apple Inc. build 5666) (dot 3)
configure:10233: $? = 0
configure:10222: g++ -V >&5
g++-4.2: argument to `-V' is missing
configure:10233: $? = 1
configure:10222: g++ -qversion >&5
i686-apple-darwin10-g++-4.2.1: no input files
configure:10233: $? = 1
configure:10237: checking whether we are using the GNU C++ compiler
configure:10256: g++ -c   conftest.cpp >&5
configure:10256: $? = 0
configure:10265: result: yes
configure:10274: checking whether g++ accepts -g
configure:10294: g++ -c -g  conftest.cpp >&5
configure:10294: $? = 0
configure:10335: result: yes
configure:10471: checking for C++ compiler version
configure:10480: g++ --version >&5
i686-apple-darwin10-g++-4.2.1 (GCC) 4.2.1 (Apple Inc. build 5666) (dot 3)
Copyright (C) 2007 Free Software Foundation, Inc.
This is free software; see the source for copying conditions.  There is NO
warranty; not even for MERCHANTABILITY or FITNESS FOR A PARTICULAR PURPOSE.

configure:10491: $? = 0
configure:10480: g++ -v >&5
Using built-in specs.
Target: i686-apple-darwin10
Configured with: /var/tmp/gcc/gcc-5666.3~6/src/configure --disable-checking --enable-werror --prefix=/usr --mandir=/share/man --enable-languages=c,objc,c++,obj-c++ --program-transform-name=/^[cg][^.-]*$/s/$/-4.2/ --with-slibdir=/usr/lib --build=i686-apple-darwin10 --program-prefix=i686-apple-darwin10- --host=x86_64-apple-darwin10 --target=i686-apple-darwin10 --with-gxx-include-dir=/include/c++/4.2.1
Thread model: posix
gcc version 4.2.1 (Apple Inc. build 5666) (dot 3)
configure:10491: $? = 0
configure:10480: g++ -V >&5
g++-4.2: argument to `-V' is missing
configure:10491: $? = 1
configure:10480: g++ -qversion >&5
i686-apple-darwin10-g++-4.2.1: no input files
configure:10491: $? = 1
configure:10495: checking whether we are using the GNU C++ compiler
configure:10523: result: yes
configure:10532: checking whether g++ accepts -g
configure:10593: result: yes
configure:10624: checking how to run the C++ preprocessor
configure:10651: g++ -E  conftest.cpp
configure:10651: $? = 0
configure:10665: g++ -E  conftest.cpp
conftest.cpp:21:28: error: ac_nonexistent.h: No such file or directory
configure:10665: $? = 1
configure: failed program was:
| /* confdefs.h */
| #define PACKAGE_NAME "cryptominisat"
| #define PACKAGE_TARNAME "cryptominisat"
| #define PACKAGE_VERSION "2.5.1"
| #define PACKAGE_STRING "cryptominisat 2.5.1"
| #define PACKAGE_BUGREPORT ""
| #define PACKAGE_URL ""
| #define STDC_HEADERS 1
| #define HAVE_SYS_TYPES_H 1
| #define HAVE_SYS_STAT_H 1
| #define HAVE_STDLIB_H 1
| #define HAVE_STRING_H 1
| #define HAVE_MEMORY_H 1
| #define HAVE_STRINGS_H 1
| #define HAVE_INTTYPES_H 1
| #define HAVE_STDINT_H 1
| #define HAVE_UNISTD_H 1
| #define HAVE_DLFCN_H 1
| #define LT_OBJDIR ".libs/"
| /* end confdefs.h.  */
| #include <ac_nonexistent.h>
configure:10690: result: g++ -E
configure:10710: g++ -E  conftest.cpp
configure:10710: $? = 0
configure:10724: g++ -E  conftest.cpp
conftest.cpp:21:28: error: ac_nonexistent.h: No such file or directory
configure:10724: $? = 1
configure: failed program was:
| /* confdefs.h */
| #define PACKAGE_NAME "cryptominisat"
| #define PACKAGE_TARNAME "cryptominisat"
| #define PACKAGE_VERSION "2.5.1"
| #define PACKAGE_STRING "cryptominisat 2.5.1"
| #define PACKAGE_BUGREPORT ""
| #define PACKAGE_URL ""
| #define STDC_HEADERS 1
| #define HAVE_SYS_TYPES_H 1
| #define HAVE_SYS_STAT_H 1
| #define HAVE_STDLIB_H 1
| #define HAVE_STRING_H 1
| #define HAVE_MEMORY_H 1
| #define HAVE_STRINGS_H 1
| #define HAVE_INTTYPES_H 1
| #define HAVE_STDINT_H 1
| #define HAVE_UNISTD_H 1
| #define HAVE_DLFCN_H 1
| #define LT_OBJDIR ".libs/"
| /* end confdefs.h.  */
| #include <ac_nonexistent.h>
configure:10892: checking for ld used by g++
configure:10959: result: /usr/libexec/gcc/i686-apple-darwin10/4.2.1/ld
configure:10966: checking if the linker (/usr/libexec/gcc/i686-apple-darwin10/4.2.1/ld) is GNU ld
configure:10981: result: no
configure:11036: checking whether the g++ linker (/usr/libexec/gcc/i686-apple-darwin10/4.2.1/ld) supports shared libraries
configure:11949: result: yes
configure:11977: g++ -c -g -O2  conftest.cpp >&5
configure:11980: $? = 0
configure:12162: checking for g++ option to produce PIC
configure:12479: result: -fno-common -DPIC
configure:12488: checking if g++ PIC flag -fno-common -DPIC works
configure:12506: g++ -c -g -O2  -fno-common -DPIC -DPIC conftest.cpp >&5
configure:12510: $? = 0
configure:12523: result: yes
configure:12544: checking if g++ static flag -static works
configure:12572: result: no
configure:12584: checking if g++ supports -c -o file.o
configure:12605: g++ -c -g -O2  -o out/conftest2.o conftest.cpp >&5
configure:12609: $? = 0
configure:12631: result: yes
configure:12636: checking if g++ supports -c -o file.o
configure:12683: result: yes
configure:12713: checking whether the g++ linker (/usr/libexec/gcc/i686-apple-darwin10/4.2.1/ld) supports shared libraries
configure:12742: result: yes
configure:12879: checking dynamic linker characteristics
configure:13490: result: darwin10.8.0 dyld
configure:13541: checking how to hardcode library paths into programs
configure:13566: result: immediate
configure:13629: checking for a BSD-compatible install
configure:13697: result: /usr/bin/install -c
configure:13708: checking whether build environment is sane
configure:13758: result: yes
configure:13899: checking for a thread-safe mkdir -p
configure:13938: result: ./install-sh -c -d
configure:13951: checking for gawk
configure:13981: result: no
configure:13951: checking for mawk
configure:13981: result: no
configure:13951: checking for nawk
configure:13981: result: no
configure:13951: checking for awk
configure:13967: found /usr/bin/awk
configure:13978: result: awk
configure:13989: checking whether make sets $(MAKE)
configure:14011: result: yes
configure:14041: checking for style of include used by make
configure:14069: result: GNU
configure:14154: checking dependency style of gcc
configure:14264: result: gcc3
configure:14281: checking dependency style of g++
configure:14391: result: gcc3
configure:14413: checking iostream usability
configure:14413: g++ -c -g -O2  conftest.cpp >&5
configure:14413: $? = 0
configure:14413: result: yes
configure:14413: checking iostream presence
configure:14413: g++ -E  conftest.cpp
configure:14413: $? = 0
configure:14413: result: yes
configure:14413: checking for iostream
configure:14413: result: yes
configure:14429: checking size of int
configure:14434: g++ -o conftest -g -O2   conftest.cpp  >&5
configure:14434: $? = 0
configure:14434: ./conftest
configure:14434: $? = 0
configure:14449: result: 4
configure:14463: checking size of long
configure:14468: g++ -o conftest -g -O2   conftest.cpp  >&5
configure:14468: $? = 0
configure:14468: ./conftest
configure:14468: $? = 0
configure:14483: result: 8
configure:14497: checking size of size_t
configure:14502: g++ -o conftest -g -O2   conftest.cpp  >&5
configure:14502: $? = 0
configure:14502: ./conftest
configure:14502: $? = 0
configure:14517: result: 8
configure:14531: checking for stdlib.h
configure:14531: result: yes
configure:14541: checking for GNU libc compatible malloc
configure:14565: g++ -o conftest -g -O2   conftest.cpp  >&5
configure:14565: $? = 0
configure:14565: ./conftest
configure:14565: $? = 0
configure:14575: result: yes
configure:14596: checking for working memcmp
configure:14639: g++ -o conftest -g -O2   conftest.cpp  >&5
configure:14639: $? = 0
configure:14639: ./conftest
configure:14639: $? = 0
configure:14649: result: yes
configure: this is boost.m4 serial 12
configure:15116: checking for Boost headers version >= 104000
configure:15187: g++ -c -g -O2  conftest.cpp >&5
configure:15187: $? = 0
configure:15208: result: yes
configure:15230: checking for Boost's header version
configure:15248: result: 1_46_1
configure:15416: creating ./config.status

## ---------------------- ##
## Running config.status. ##
## ---------------------- ##

This file was extended by cryptominisat config.status 2.5.1, which was
generated by GNU Autoconf 2.65.  Invocation command line was

  CONFIG_FILES    = 
  CONFIG_HEADERS  = 
  CONFIG_LINKS    = 
  CONFIG_COMMANDS = 
  $ ./config.status 

on tquarits.ist.intra

config.status:1133: creating Makefile
config.status:1133: creating Solver/Makefile
config.status:1133: creating config.h
config.status:1305: config.h is unchanged
config.status:1353: executing libtool commands
config.status:1353: executing depfiles commands

## ---------------- ##
## Cache variables. ##
## ---------------- ##

ac_cv_build=i386-apple-darwin10.8.0
ac_cv_c_compiler_gnu=yes
ac_cv_cxx_compiler_gnu=yes
ac_cv_env_BOOST_ROOT_set=
ac_cv_env_BOOST_ROOT_value=
ac_cv_env_CCC_set=
ac_cv_env_CCC_value=
ac_cv_env_CC_set=
ac_cv_env_CC_value=
ac_cv_env_CFLAGS_set=
ac_cv_env_CFLAGS_value=
ac_cv_env_CPPFLAGS_set=
ac_cv_env_CPPFLAGS_value=
ac_cv_env_CPP_set=
ac_cv_env_CPP_value=
ac_cv_env_CXXCPP_set=
ac_cv_env_CXXCPP_value=
ac_cv_env_CXXFLAGS_set=
ac_cv_env_CXXFLAGS_value=
ac_cv_env_CXX_set=
ac_cv_env_CXX_value=
ac_cv_env_LDFLAGS_set=
ac_cv_env_LDFLAGS_value=
ac_cv_env_LIBS_set=
ac_cv_env_LIBS_value=
ac_cv_env_build_alias_set=
ac_cv_env_build_alias_value=
ac_cv_env_host_alias_set=
ac_cv_env_host_alias_value=
ac_cv_env_target_alias_set=
ac_cv_env_target_alias_value=
ac_cv_func_malloc_0_nonnull=yes
ac_cv_func_memcmp_working=yes
ac_cv_header_dlfcn_h=yes
ac_cv_header_inttypes_h=yes
ac_cv_header_iostream=yes
ac_cv_header_memory_h=yes
ac_cv_header_stdc=yes
ac_cv_header_stdint_h=yes
ac_cv_header_stdlib_h=yes
ac_cv_header_string_h=yes
ac_cv_header_strings_h=yes
ac_cv_header_sys_stat_h=yes
ac_cv_header_sys_types_h=yes
ac_cv_header_unistd_h=yes
ac_cv_host=i386-apple-darwin10.8.0
ac_cv_objext=o
ac_cv_path_EGREP='/usr/bin/grep -E'
ac_cv_path_FGREP='/usr/bin/grep -F'
ac_cv_path_GREP=/usr/bin/grep
ac_cv_path_SED=/opt/local/bin/gsed
ac_cv_path_install='/usr/bin/install -c'
ac_cv_prog_AWK=awk
ac_cv_prog_CPP='gcc -E'
ac_cv_prog_CXXCPP='g++ -E'
ac_cv_prog_ac_ct_AR=ar
ac_cv_prog_ac_ct_CC=gcc
ac_cv_prog_ac_ct_CXX=g++
ac_cv_prog_ac_ct_DSYMUTIL=dsymutil
ac_cv_prog_ac_ct_LIPO=lipo
ac_cv_prog_ac_ct_NMEDIT=nmedit
ac_cv_prog_ac_ct_OTOOL=otool
ac_cv_prog_ac_ct_RANLIB=ranlib
ac_cv_prog_ac_ct_STRIP=strip
ac_cv_prog_cc_c89=
ac_cv_prog_cc_g=yes
ac_cv_prog_cxx_g=yes
ac_cv_prog_make_make_set=yes
ac_cv_sizeof_int=4
ac_cv_sizeof_long=8
ac_cv_sizeof_size_t=8
am_cv_CC_dependencies_compiler_type=gcc3
am_cv_CXX_dependencies_compiler_type=gcc3
boost_cv_inc_path=yes
boost_cv_lib_version=1_46_1
lt_cv_apple_cc_single_mod=yes
lt_cv_deplibs_check_method=pass_all
lt_cv_file_magic_cmd='$MAGIC_CMD'
lt_cv_file_magic_test_file=
lt_cv_ld_exported_symbols_list=yes
lt_cv_ld_reload_flag=-r
lt_cv_nm_interface='BSD nm'
lt_cv_objdir=.libs
lt_cv_path_LD=/usr/libexec/gcc/i686-apple-darwin10/4.2.1/ld
lt_cv_path_LDCXX=/usr/libexec/gcc/i686-apple-darwin10/4.2.1/ld
lt_cv_path_NM=/usr/bin/nm
lt_cv_prog_compiler_c_o=yes
lt_cv_prog_compiler_c_o_CXX=yes
lt_cv_prog_compiler_pic_works=yes
lt_cv_prog_compiler_pic_works_CXX=yes
lt_cv_prog_compiler_rtti_exceptions=no
lt_cv_prog_compiler_static_works=no
lt_cv_prog_compiler_static_works_CXX=no
lt_cv_prog_gnu_ld=no
lt_cv_prog_gnu_ldcxx=no
lt_cv_sys_global_symbol_pipe='sed -n -e '\''s/^.*[	 ]\([BCDEGRST][BCDEGRST]*\)[	 ][	 ]*_\([_A-Za-z][_A-Za-z0-9]*\)$/\1 _\2 \2/p'\'''
lt_cv_sys_global_symbol_to_c_name_address='sed -n -e '\''s/^: \([^ ]*\) $/  {\"\1\", (void *) 0},/p'\'' -e '\''s/^[BCDEGRST]* \([^ ]*\) \([^ ]*\)$/  {"\2", (void *) \&\2},/p'\'''
lt_cv_sys_global_symbol_to_c_name_address_lib_prefix='sed -n -e '\''s/^: \([^ ]*\) $/  {\"\1\", (void *) 0},/p'\'' -e '\''s/^[BCDEGRST]* \([^ ]*\) \(lib[^ ]*\)$/  {"\2", (void *) \&\2},/p'\'' -e '\''s/^[BCDEGRST]* \([^ ]*\) \([^ ]*\)$/  {"lib\2", (void *) \&\2},/p'\'''
lt_cv_sys_global_symbol_to_cdecl='sed -n -e '\''s/^T .* \(.*\)$/extern int \1();/p'\'' -e '\''s/^[BCDEGRST]* .* \(.*\)$/extern char \1;/p'\'''
lt_cv_sys_max_cmd_len=196608

## ----------------- ##
## Output variables. ##
## ----------------- ##

ACLOCAL='${SHELL} "/Users/tq/Documents/SpecVerify SVN/software/hitting_set/trunk/lib/SCryptoMinisat/cryptominisat-2.5.1/missing" --run aclocal-1.11'
AMDEPBACKSLASH='\'
AMDEP_FALSE='#'
AMDEP_TRUE=''
AMTAR='${SHELL} "/Users/tq/Documents/SpecVerify SVN/software/hitting_set/trunk/lib/SCryptoMinisat/cryptominisat-2.5.1/missing" --run tar'
AR='ar'
AUTOCONF='${SHELL} "/Users/tq/Documents/SpecVerify SVN/software/hitting_set/trunk/lib/SCryptoMinisat/cryptominisat-2.5.1/missing" --run autoconf'
AUTOHEADER='${SHELL} "/Users/tq/Documents/SpecVerify SVN/software/hitting_set/trunk/lib/SCryptoMinisat/cryptominisat-2.5.1/missing" --run autoheader'
AUTOMAKE='${SHELL} "/Users/tq/Documents/SpecVerify SVN/software/hitting_set/trunk/lib/SCryptoMinisat/cryptominisat-2.5.1/missing" --run automake-1.11'
AWK='awk'
BOOST_CPPFLAGS=''
BOOST_ROOT=''
CC='gcc'
CCDEPMODE='depmode=gcc3'
CFLAGS='-g -O2'
CPP='gcc -E'
CPPFLAGS=''
CXX='g++'
CXXCPP='g++ -E'
CXXDEPMODE='depmode=gcc3'
CXXFLAGS='-g -O2'
CYGPATH_W='echo'
DEFS='-DHAVE_CONFIG_H'
DEPDIR='.deps'
DISTCHECK_CONFIGURE_FLAGS=' '\''--with-boost='\'''
DSYMUTIL='dsymutil'
DUMPBIN=''
ECHO_C='\c'
ECHO_N=''
ECHO_T=''
EGREP='/usr/bin/grep -E'
EXEEXT=''
FGREP='/usr/bin/grep -F'
GREP='/usr/bin/grep'
INSTALL_DATA='${INSTALL} -m 644'
INSTALL_PROGRAM='${INSTALL}'
INSTALL_SCRIPT='${INSTALL}'
INSTALL_STRIP_PROGRAM='$(install_sh) -c -s'
LD='/usr/libexec/gcc/i686-apple-darwin10/4.2.1/ld'
LDFLAGS=''
LIBOBJS=''
LIBS=''
LIBTOOL='$(SHELL) $(top_builddir)/libtool'
LIPO='lipo'
LN_S='ln -s'
LTLIBOBJS=''
MAKEINFO='${SHELL} "/Users/tq/Documents/SpecVerify SVN/software/hitting_set/trunk/lib/SCryptoMinisat/cryptominisat-2.5.1/missing" --run makeinfo'
MKDIR_P='./install-sh -c -d'
NM='/usr/bin/nm'
NMEDIT='nmedit'
OBJDUMP='false'
OBJEXT='o'
OTOOL64=':'
OTOOL='otool'
PACKAGE='cryptominisat'
PACKAGE_BUGREPORT=''
PACKAGE_NAME='cryptominisat'
PACKAGE_STRING='cryptominisat 2.5.1'
PACKAGE_TARNAME='cryptominisat'
PACKAGE_URL=''
PACKAGE_VERSION='2.5.1'
PATH_SEPARATOR=':'
RANLIB='ranlib'
SED='/opt/local/bin/gsed'
SET_MAKE=''
SHELL='/bin/sh'
STRIP='strip'
VERSION='2.5.1'
ac_ct_CC='gcc'
ac_ct_CXX='g++'
ac_ct_DUMPBIN=''
am__EXEEXT_FALSE=''
am__EXEEXT_TRUE='#'
am__fastdepCC_FALSE='#'
am__fastdepCC_TRUE=''
am__fastdepCXX_FALSE='#'
am__fastdepCXX_TRUE=''
am__include='include'
am__isrc=''
am__leading_dot='.'
am__quote=''
am__tar='${AMTAR} chof - "$$tardir"'
am__untar='${AMTAR} xf -'
bindir='${exec_prefix}/bin'
build='i386-apple-darwin10.8.0'
build_alias=''
build_cpu='i386'
build_os='darwin10.8.0'
build_vendor='apple'
datadir='${datarootdir}'
datarootdir='${prefix}/share'
docdir='${datarootdir}/doc/${PACKAGE_TARNAME}'
dvidir='${docdir}'
exec_prefix='${prefix}'
host='i386-apple-darwin10.8.0'
host_alias=''
host_cpu='i386'
host_os='darwin10.8.0'
host_vendor='apple'
htmldir='${docdir}'
includedir='${prefix}/include'
infodir='${datarootdir}/info'
install_sh='${SHELL} '\''/Users/tq/Documents/SpecVerify SVN/software/hitting_set/trunk/lib/SCryptoMinisat/cryptominisat-2.5.1/install-sh'\'''
libdir='${exec_prefix}/lib'
libexecdir='${exec_prefix}/libexec'
localedir='${datarootdir}/locale'
localstatedir='${prefix}/var'
lt_ECHO='/bin/echo'
mandir='${datarootdir}/man'
mkdir_p='$(top_builddir)/./install-sh -c -d'
oldincludedir='/usr/include'
pdfdir='${docdir}'
prefix='/usr/local'
program_transform_name='s,x,x,'
psdir='${docdir}'
sbindir='${exec_prefix}/sbin'
sharedstatedir='${prefix}/com'
sysconfdir='${prefix}/etc'
target_alias=''

## ----------- ##
## confdefs.h. ##
## ----------- ##

/* confdefs.h */
#define PACKAGE_NAME "cryptominisat"
#define PACKAGE_TARNAME "cryptominisat"
#define PACKAGE_VERSION "2.5.1"
#define PACKAGE_STRING "cryptominisat 2.5.1"
#define PACKAGE_BUGREPORT ""
#define PACKAGE_URL ""
#define STDC_HEADERS 1
#define HAVE_SYS_TYPES_H 1
#define HAVE_SYS_STAT_H 1
#define HAVE_STDLIB_H 1
#define HAVE_STRING_H 1
#define HAVE_MEMORY_H 1
#define HAVE_STRINGS_H 1
#define HAVE_INTTYPES_H 1
#define HAVE_STDINT_H 1
#define HAVE_UNISTD_H 1
#define HAVE_DLFCN_H 1
#define LT_OBJDIR ".libs/"
#define PACKAGE "cryptominisat"
#define VERSION "2.5.1"
#define HAVE_IOSTREAM 1
#define SIZEOF_INT 4
#define SIZEOF_LONG 8
#define SIZEOF_SIZE_T 8
#define HAVE_STDLIB_H 1
#define HAVE_MALLOC 1
#define STATS_NEEDED 1
#define HAVE_BOOST 1

configure: exit 0
